2024-05-21 14:39:26,449 - __main__ - INFO - 🚀Model: resnet18
2024-05-21 14:39:26,451 - __main__ - INFO - 🚀Model Save: True
2024-05-21 14:39:26,483 - __main__ - INFO - 🚀Device: mps
2024-05-21 14:39:28,635 - __main__ - INFO - classes: 11
2024-05-21 14:39:28,791 - __main__ - INFO - ResNet(
  (conv1): Conv2d(1, 256, kernel_size=(7, 7), stride=(2, 2), padding=(3, 3), bias=False)
  (bn1): BatchNorm2d(256, eps=1e-05, momentum=0.1, affine=True, track_running_stats=True)
  (relu): ReLU(inplace=True)
  (maxpool): MaxPool2d(kernel_size=3, stride=2, padding=1, dilation=1, ceil_mode=False)
  (layer3): Sequential(
    (0): BasicBlock(
      (conv1): Conv2d(256, 256, kernel_size=(3, 3), stride=(2, 2), padding=(1, 1), bias=False)
      (bn1): BatchNorm2d(256, eps=1e-05, momentum=0.1, affine=True, track_running_stats=True)
      (relu): ReLU(inplace=True)
      (conv2): Conv2d(256, 256, kernel_size=(3, 3), stride=(1, 1), padding=(1, 1), bias=False)
      (bn2): BatchNorm2d(256, eps=1e-05, momentum=0.1, affine=True, track_running_stats=True)
      (downsample): Sequential(
        (0): Conv2d(256, 256, kernel_size=(1, 1), stride=(2, 2), bias=False)
        (1): BatchNorm2d(256, eps=1e-05, momentum=0.1, affine=True, track_running_stats=True)
      )
    )
    (1): BasicBlock(
      (conv1): Conv2d(256, 256, kernel_size=(3, 3), stride=(1, 1), padding=(1, 1), bias=False)
      (bn1): BatchNorm2d(256, eps=1e-05, momentum=0.1, affine=True, track_running_stats=True)
      (relu): ReLU(inplace=True)
      (conv2): Conv2d(256, 256, kernel_size=(3, 3), stride=(1, 1), padding=(1, 1), bias=False)
      (bn2): BatchNorm2d(256, eps=1e-05, momentum=0.1, affine=True, track_running_stats=True)
    )
  )
  (layer4): Sequential(
    (0): BasicBlock(
      (conv1): Conv2d(256, 512, kernel_size=(3, 3), stride=(2, 2), padding=(1, 1), bias=False)
      (bn1): BatchNorm2d(512, eps=1e-05, momentum=0.1, affine=True, track_running_stats=True)
      (relu): ReLU(inplace=True)
      (conv2): Conv2d(512, 512, kernel_size=(3, 3), stride=(1, 1), padding=(1, 1), bias=False)
      (bn2): BatchNorm2d(512, eps=1e-05, momentum=0.1, affine=True, track_running_stats=True)
      (downsample): Sequential(
        (0): Conv2d(256, 512, kernel_size=(1, 1), stride=(2, 2), bias=False)
        (1): BatchNorm2d(512, eps=1e-05, momentum=0.1, affine=True, track_running_stats=True)
      )
    )
    (1): BasicBlock(
      (conv1): Conv2d(512, 512, kernel_size=(3, 3), stride=(1, 1), padding=(1, 1), bias=False)
      (bn1): BatchNorm2d(512, eps=1e-05, momentum=0.1, affine=True, track_running_stats=True)
      (relu): ReLU(inplace=True)
      (conv2): Conv2d(512, 512, kernel_size=(3, 3), stride=(1, 1), padding=(1, 1), bias=False)
      (bn2): BatchNorm2d(512, eps=1e-05, momentum=0.1, affine=True, track_running_stats=True)
    )
  )
  (avgpool): AdaptiveAvgPool2d(output_size=(1, 1))
  (fc): Linear(in_features=512, out_features=256, bias=True)
  (fc2): Linear(in_features=256, out_features=11, bias=True)
)
----------------------
Trainable Parameters: 10968331
Fixed Parameters: 0
Total Parameters: 10968331
----------------------

2024-05-21 14:41:25,967 - rfml.nn.train.standard - INFO - train acc: 0.5340549861097806, val acc: 0.5334224598930482
2024-05-21 14:43:20,790 - rfml.nn.train.standard - INFO - train acc: 0.5683207203755148, val acc: 0.5628342245989305
2024-05-21 14:45:15,558 - rfml.nn.train.standard - INFO - train acc: 0.5797825462209024, val acc: 0.5813725490196079
2024-05-21 14:47:10,627 - rfml.nn.train.standard - INFO - train acc: 0.5834802184117253, val acc: 0.5819073083778966
2024-05-21 14:49:05,436 - rfml.nn.train.standard - INFO - train acc: 0.5880017243030942, val acc: 0.5877005347593582
2024-05-21 14:51:00,093 - rfml.nn.train.standard - INFO - train acc: 0.5987355110642781, val acc: 0.5940285204991087
2024-05-21 14:52:55,337 - rfml.nn.train.standard - INFO - train acc: 0.59951623718747, val acc: 0.593048128342246
2024-05-21 14:54:50,471 - rfml.nn.train.standard - INFO - train acc: 0.6129226937446115, val acc: 0.6090017825311943
2024-05-21 14:56:46,520 - rfml.nn.train.standard - INFO - train acc: 0.6206581090142734, val acc: 0.622638146167558
2024-05-21 14:58:48,886 - rfml.nn.train.standard - INFO - train acc: 0.6255340549861098, val acc: 0.6260249554367201
2024-05-21 15:00:44,849 - rfml.nn.train.standard - INFO - train acc: 0.6511686943193793, val acc: 0.6504456327985739
2024-05-21 15:02:39,341 - rfml.nn.train.standard - INFO - train acc: 0.6582958137752658, val acc: 0.658288770053476
2024-05-21 15:04:34,133 - rfml.nn.train.standard - INFO - train acc: 0.6643787719130185, val acc: 0.6627450980392157
2024-05-21 15:06:29,852 - rfml.nn.train.standard - INFO - train acc: 0.6874173771434046, val acc: 0.6851158645276292
2024-05-21 15:06:53,348 - __main__ - INFO - ===============================
2024-05-21 15:06:53,349 - __main__ - INFO - Overall Testing Accuracy: 0.6214
2024-05-21 15:06:53,349 - __main__ - INFO - SNR (dB)	Accuracy (%)
2024-05-21 15:06:53,350 - __main__ - INFO - ===============================
2024-05-21 15:06:53,350 - __main__ - INFO - 8	87.9
2024-05-21 15:06:53,350 - __main__ - INFO - 10	87.8
2024-05-21 15:06:53,351 - __main__ - INFO - -4	76.7
2024-05-21 15:06:53,351 - __main__ - INFO - 16	87.3
2024-05-21 15:06:53,352 - __main__ - INFO - 6	87.7
2024-05-21 15:06:53,352 - __main__ - INFO - 4	87.6
2024-05-21 15:06:53,352 - __main__ - INFO - -12	21.4
2024-05-21 15:06:53,353 - __main__ - INFO - 0	86.4
2024-05-21 15:06:53,353 - __main__ - INFO - -2	83.9
2024-05-21 15:06:53,354 - __main__ - INFO - -20	10.6
2024-05-21 15:06:53,354 - __main__ - INFO - -14	17.3
2024-05-21 15:06:53,354 - __main__ - INFO - 2	87.2
2024-05-21 15:06:53,355 - __main__ - INFO - 14	87.2
2024-05-21 15:06:53,355 - __main__ - INFO - -10	31.3
2024-05-21 15:06:53,356 - __main__ - INFO - 12	87.3
2024-05-21 15:06:53,356 - __main__ - INFO - -8	43.4
2024-05-21 15:06:53,356 - __main__ - INFO - 18	87.7
2024-05-21 15:06:53,357 - __main__ - INFO - -6	60.5
2024-05-21 15:06:53,357 - __main__ - INFO - -18	11.3
2024-05-21 15:06:53,358 - __main__ - INFO - -16	12.2
2024-05-21 15:06:53,358 - __main__ - INFO - ===============================
2024-05-21 15:06:53,358 - __main__ - INFO - Confusion Matrix:
2024-05-21 15:06:53,359 - __main__ - INFO - [[34.1 44.8 18.7  0.   2.   0.1  0.2  0.1  0.1  0.   0. ]
 [ 9.8 70.8 17.6  0.   1.5  0.1  0.1  0.1  0.1  0.   0. ]
 [ 4.7  1.5 91.6  0.   1.2  0.3  0.3  0.2  0.1  0.   0.1]
 [ 1.5  0.7 28.3 63.4  3.   0.3  0.5  0.9  0.8  0.1  0.5]
 [ 3.1  1.5 24.6  0.1 70.1  0.2  0.1  0.1  0.1  0.   0. ]
 [ 1.2  0.6 21.1  0.1  0.8 72.3  2.8  0.4  0.3  0.   0.3]
 [ 1.4  0.7 29.   0.2  1.1  3.7 62.8  0.2  0.4  0.1  0.3]
 [ 1.4  0.7 29.7  0.6  1.6  0.5  0.8 58.6  4.   0.2  1.9]
 [ 1.8  1.  29.7  0.3  1.7  0.5  0.9  2.4 59.8  0.2  1.7]
 [ 1.2  0.4 18.5  0.4  1.1  0.3  0.7  2.1  5.4 32.3 37.5]
 [ 0.8  0.4 11.3  0.3  1.   0.3  0.9  2.1  4.  11.2 67.7]]
