2024-05-20 19:54:03,636 - __main__ - INFO - 🚀Model: resnet18
2024-05-20 19:54:03,638 - __main__ - INFO - 🚀Learning Rate: 0.001
2024-05-20 19:54:03,638 - __main__ - INFO - 🚀Momentum: 0.9
2024-05-20 19:54:03,639 - __main__ - INFO - 🚀Epoch: 20
2024-05-20 19:54:03,639 - __main__ - INFO - 🚀Model Save: True
2024-05-20 19:54:03,640 - __main__ - INFO - 🚀Batch Size: 32
2024-05-20 19:54:03,640 - __main__ - INFO - 🚀Shuffle: True
2024-05-20 19:54:03,641 - __main__ - INFO - 🚀Drop Last: True
2024-05-20 19:54:03,641 - __main__ - INFO - 🚀Number of Workers: 0
2024-05-20 19:54:03,668 - __main__ - INFO - 🚀Device: mps
2024-05-20 19:54:03,941 - __main__ - INFO - Total Step: 250
2024-05-20 19:54:03,941 - __main__ - INFO - ===========================Epoch: 0===========================
2024-05-20 19:54:26,961 - __main__ - INFO - train loss: 0.9233, train acc: 70.0375
2024-05-20 19:54:28,207 - __main__ - INFO - validation loss: 0.3550, validation acc: 82.0625

2024-05-20 19:54:28,320 - __main__ - INFO - Detected network improvement, saving current model
2024-05-20 19:54:28,321 - __main__ - INFO - ===========================Epoch: 1===========================
2024-05-20 19:54:50,395 - __main__ - INFO - train loss: 0.6044, train acc: 88.0000
2024-05-20 19:54:51,657 - __main__ - INFO - validation loss: 0.2713, validation acc: 90.8125

2024-05-20 19:54:51,742 - __main__ - INFO - Detected network improvement, saving current model
2024-05-20 19:54:51,743 - __main__ - INFO - ===========================Epoch: 2===========================
2024-05-20 19:55:13,855 - __main__ - INFO - train loss: 0.4729, train acc: 91.4500
2024-05-20 19:55:15,176 - __main__ - INFO - validation loss: 0.2213, validation acc: 93.3750

2024-05-20 19:55:15,272 - __main__ - INFO - Detected network improvement, saving current model
2024-05-20 19:55:15,273 - __main__ - INFO - ===========================Epoch: 3===========================
2024-05-20 19:55:38,188 - __main__ - INFO - train loss: 0.3939, train acc: 94.6000
2024-05-20 19:55:39,459 - __main__ - INFO - validation loss: 0.1867, validation acc: 98.8125

2024-05-20 19:55:39,557 - __main__ - INFO - Detected network improvement, saving current model
2024-05-20 19:55:39,558 - __main__ - INFO - ===========================Epoch: 4===========================
2024-05-20 19:56:01,800 - __main__ - INFO - train loss: 0.3367, train acc: 96.4750
2024-05-20 19:56:03,121 - __main__ - INFO - validation loss: 0.1973, validation acc: 87.1250

2024-05-20 19:56:03,124 - __main__ - INFO - ===========================Epoch: 5===========================
2024-05-20 19:56:25,749 - __main__ - INFO - train loss: 0.2968, train acc: 96.6875
2024-05-20 19:56:27,059 - __main__ - INFO - validation loss: 0.2298, validation acc: 88.4375

2024-05-20 19:56:27,061 - __main__ - INFO - ===========================Epoch: 6===========================
2024-05-20 19:56:49,854 - __main__ - INFO - train loss: 0.2678, train acc: 97.2000
2024-05-20 19:56:51,165 - __main__ - INFO - validation loss: 0.2127, validation acc: 95.4375

2024-05-20 19:56:51,166 - __main__ - INFO - ===========================Epoch: 7===========================
2024-05-20 19:57:14,045 - __main__ - INFO - train loss: 0.2422, train acc: 98.1125
2024-05-20 19:57:15,307 - __main__ - INFO - validation loss: 0.1886, validation acc: 99.3125

2024-05-20 19:57:15,449 - __main__ - INFO - Detected network improvement, saving current model
2024-05-20 19:57:15,450 - __main__ - INFO - ===========================Epoch: 8===========================
2024-05-20 19:57:37,438 - __main__ - INFO - train loss: 0.2230, train acc: 97.5500
2024-05-20 19:57:38,755 - __main__ - INFO - validation loss: 0.1752, validation acc: 98.8125

2024-05-20 19:57:38,758 - __main__ - INFO - ===========================Epoch: 9===========================
2024-05-20 19:58:01,055 - __main__ - INFO - train loss: 0.2069, train acc: 98.0500
2024-05-20 19:58:02,311 - __main__ - INFO - validation loss: 0.1598, validation acc: 99.3125

2024-05-20 19:58:02,312 - __main__ - INFO - ===========================Epoch: 10===========================
2024-05-20 19:58:25,271 - __main__ - INFO - train loss: 0.1928, train acc: 98.5000
2024-05-20 19:58:26,537 - __main__ - INFO - validation loss: 0.1683, validation acc: 87.5000

2024-05-20 19:58:26,538 - __main__ - INFO - ===========================Epoch: 11===========================
2024-05-20 19:58:49,021 - __main__ - INFO - train loss: 0.1798, train acc: 98.9250
2024-05-20 19:58:50,276 - __main__ - INFO - validation loss: 0.1567, validation acc: 99.4375

2024-05-20 19:58:50,277 - __main__ - INFO - ===========================Epoch: 12===========================
2024-05-20 19:59:12,868 - __main__ - INFO - train loss: 0.1685, train acc: 99.1250
2024-05-20 19:59:14,177 - __main__ - INFO - validation loss: 0.2708, validation acc: 76.7500

2024-05-20 19:59:14,178 - __main__ - INFO - ===========================Epoch: 13===========================
2024-05-20 19:59:36,580 - __main__ - INFO - train loss: 0.1580, train acc: 99.5000
2024-05-20 19:59:37,850 - __main__ - INFO - validation loss: 0.2527, validation acc: 99.3750

2024-05-20 19:59:38,021 - __main__ - INFO - Detected network improvement, saving current model
2024-05-20 19:59:38,021 - __main__ - INFO - ===========================Epoch: 14===========================
2024-05-20 20:00:00,268 - __main__ - INFO - train loss: 0.1494, train acc: 99.0125
2024-05-20 20:00:01,520 - __main__ - INFO - validation loss: 0.2596, validation acc: 87.5000

2024-05-20 20:00:01,522 - __main__ - INFO - ===========================Epoch: 15===========================
2024-05-20 20:00:23,668 - __main__ - INFO - train loss: 0.1415, train acc: 99.2750
2024-05-20 20:00:24,929 - __main__ - INFO - validation loss: 0.2757, validation acc: 91.1875

2024-05-20 20:00:24,931 - __main__ - INFO - ===========================Epoch: 16===========================
2024-05-20 20:00:47,120 - __main__ - INFO - train loss: 0.1349, train acc: 99.2500
2024-05-20 20:00:48,379 - __main__ - INFO - validation loss: 0.3322, validation acc: 76.4375

2024-05-20 20:00:48,381 - __main__ - INFO - ===========================Epoch: 17===========================
2024-05-20 20:01:10,513 - __main__ - INFO - train loss: 0.1290, train acc: 99.2250
2024-05-20 20:01:11,768 - __main__ - INFO - validation loss: 0.3441, validation acc: 78.5000

2024-05-20 20:01:11,770 - __main__ - INFO - ===========================Epoch: 18===========================
2024-05-20 20:01:34,436 - __main__ - INFO - train loss: 0.1232, train acc: 99.4625
2024-05-20 20:01:35,721 - __main__ - INFO - validation loss: 0.3265, validation acc: 100.0000

2024-05-20 20:01:35,848 - __main__ - INFO - Detected network improvement, saving current model
2024-05-20 20:01:35,848 - __main__ - INFO - ===========================Epoch: 19===========================
2024-05-20 20:01:58,220 - __main__ - INFO - train loss: 0.1185, train acc: 99.1875
2024-05-20 20:01:59,548 - __main__ - INFO - validation loss: 0.3163, validation acc: 90.7500

